<?xml version="1.0" encoding="UTF-8"?>
<testng-results ignored="0" total="4" passed="4" failed="0" skipped="0">
  <reporter-output>
  </reporter-output>
  <suite started-at="2025-07-01T17:25:31 IST" name="SOS Offer Test Suite" finished-at="2025-07-01T17:26:30 IST" duration-ms="58770">
    <groups>
    </groups>
    <test started-at="2025-07-01T17:25:31 IST" name="SOS Offer 1 Test" finished-at="2025-07-01T17:26:30 IST" duration-ms="58770">
      <class name="sos.testClass.Test_Free_SteelRriver_Midnight_Stealth_Stiletto_Baton">
        <test-method is-config="true" signature="setUP(java.lang.String,java.lang.String)[pri:0, instance:sos.testClass.Test_Free_SteelRriver_Midnight_Stealth_Stiletto_Baton@31c88ec8]" started-at="2025-07-01T17:25:31 IST" name="setUP" finished-at="2025-07-01T17:26:14 IST" duration-ms="42805" status="PASS">
          <params>
            <param index="0">
              <value>
                <![CDATA[chrome]]>
              </value>
            </param>
            <param index="1">
              <value>
                <![CDATA[https://selfdefstager.wpengine.com/offer/free-steel-river-midnight-stealth-stiletto-baton/?AFID=Codeclouds+Test+Page&utm_source=TestSource&utm_medium=TestMedium&utm_campaign=TestCampaign]]>
              </value>
            </param>
          </params>
          <reporter-output>
          </reporter-output>
        </test-method> <!-- setUP -->
        <test-method signature="click_Claim_My_Free_Gift_Button()[pri:1, instance:sos.testClass.Test_Free_SteelRriver_Midnight_Stealth_Stiletto_Baton@31c88ec8]" started-at="2025-07-01T17:26:14 IST" name="click_Claim_My_Free_Gift_Button" finished-at="2025-07-01T17:26:18 IST" duration-ms="4123" status="PASS">
          <reporter-output>
          </reporter-output>
        </test-method> <!-- click_Claim_My_Free_Gift_Button -->
        <test-method signature="enterShippingDetails()[pri:2, instance:sos.testClass.Test_Free_SteelRriver_Midnight_Stealth_Stiletto_Baton@31c88ec8]" started-at="2025-07-01T17:26:18 IST" name="enterShippingDetails" finished-at="2025-07-01T17:26:23 IST" duration-ms="5321" status="PASS">
          <reporter-output>
          </reporter-output>
        </test-method> <!-- enterShippingDetails -->
        <test-method signature="enterCardDetailsForPayment()[pri:3, instance:sos.testClass.Test_Free_SteelRriver_Midnight_Stealth_Stiletto_Baton@31c88ec8]" started-at="2025-07-01T17:26:23 IST" name="enterCardDetailsForPayment" finished-at="2025-07-01T17:26:27 IST" duration-ms="4153" status="PASS">
          <reporter-output>
          </reporter-output>
        </test-method> <!-- enterCardDetailsForPayment -->
        <test-method signature="selectCrossSellsProducts()[pri:4, instance:sos.testClass.Test_Free_SteelRriver_Midnight_Stealth_Stiletto_Baton@31c88ec8]" started-at="2025-07-01T17:26:27 IST" name="selectCrossSellsProducts" finished-at="2025-07-01T17:26:30 IST" duration-ms="2262" status="PASS">
          <reporter-output>
          </reporter-output>
        </test-method> <!-- selectCrossSellsProducts -->
      </class> <!-- sos.testClass.Test_Free_SteelRriver_Midnight_Stealth_Stiletto_Baton -->
    </test> <!-- SOS Offer 1 Test -->
  </suite> <!-- SOS Offer Test Suite -->
</testng-results>
