<?xml version="1.0" encoding="UTF-8"?>
<testsuite xmlns:xsi="http://www.w3.org/2001/XMLSchema-instance" xsi:noNamespaceSchemaLocation="https://maven.apache.org/surefire/maven-surefire-plugin/xsd/surefire-test-report.xsd" version="3.0.2" name="TestSuite" time="59.671" tests="4" errors="0" skipped="0" failures="0">
  <properties>
[...]
</properties>
  <testcase name="click_Claim_My_Free_Gift_Button" classname="sos.testClass.Test_Free_SteelRriver_Midnight_Stealth_Stiletto_Baton" time="4.122">
    <system-err><![CDATA[SLF4J: Failed to load class "org.slf4j.impl.StaticLoggerBinder".
SLF4J: Defaulting to no-operation (NOP) logger implementation
SLF4J: See http://www.slf4j.org/codes.html#StaticLoggerBinder for further details.
]]></system-err>
  </testcase>
  <testcase name="enterShippingDetails" classname="sos.testClass.Test_Free_SteelRriver_Midnight_Stealth_Stiletto_Baton" time="5.321"/>
  <testcase name="enterCardDetailsForPayment" classname="sos.testClass.Test_Free_SteelRriver_Midnight_Stealth_Stiletto_Baton" time="4.153"/>
  <testcase name="selectCrossSellsProducts" classname="sos.testClass.Test_Free_SteelRriver_Midnight_Stealth_Stiletto_Baton" time="2.262">
    <system-out><![CDATA[Total Price :39.8
]]></system-out>
  </testcase>
</testsuite>